# JRE version: Java(TM) SE Runtime Environment (8.0_111-b14) (build 1.8.0_111-b14)
# Java VM: Java HotSpot(TM) 64-Bit Server VM (25.111-b14 mixed mode windows-amd64 compressed oops)
Heap:
 PSYoungGen      total 99328K, used 62631K [0x000000076b180000, 0x0000000772000000, 0x00000007c0000000)
  eden space 88576K, 70% used [0x000000076b180000,0x000000076eea9f60,0x0000000770800000)
  from space 10752K, 0% used [0x0000000771280000,0x0000000771280000,0x0000000771d00000)
  to   space 10752K, 0% used [0x0000000770800000,0x0000000770800000,0x0000000771280000)
 ParOldGen       total 186880K, used 14227K [0x00000006c1400000, 0x00000006cca80000, 0x000000076b180000)
  object space 186880K, 7% used [0x00000006c1400000,0x00000006c21e4fb8,0x00000006cca80000)
 Metaspace       used 42040K, capacity 43900K, committed 44120K, reserved 1087488K
  class space    used 4911K, capacity 5225K, committed 5248K, reserved 1048576K
GC Heap History (10 events):
Event: 0.896 GC heap before
{Heap before GC invocations=2 (full 0):
 PSYoungGen      total 76288K, used 52018K [0x000000076b180000, 0x0000000770680000, 0x00000007c0000000)
  eden space 65536K, 62% used [0x000000076b180000,0x000000076d9d0858,0x000000076f180000)
  from space 10752K, 99% used [0x000000076f180000,0x000000076fbfc358,0x000000076fc00000)
  to   space 10752K, 0% used [0x000000076fc00000,0x000000076fc00000,0x0000000770680000)
 ParOldGen       total 175104K, used 845K [0x00000006c1400000, 0x00000006cbf00000, 0x000000076b180000)
  object space 175104K, 0% used [0x00000006c1400000,0x00000006c14d3400,0x00000006cbf00000)
 Metaspace       used 20309K, capacity 21150K, committed 21248K, reserved 1067008K
  class space    used 2534K, capacity 2731K, committed 2816K, reserved 1048576K
Event: 0.900 GC heap after
Heap after GC invocations=2 (full 0):
 PSYoungGen      total 76288K, used 8569K [0x000000076b180000, 0x0000000774680000, 0x00000007c0000000)
  eden space 65536K, 0% used [0x000000076b180000,0x000000076b180000,0x000000076f180000)
  from space 10752K, 79% used [0x000000076fc00000,0x000000077045e4a8,0x0000000770680000)
  to   space 10752K, 0% used [0x000000076f180000,0x000000076f180000,0x000000076fc00000)
 ParOldGen       total 175104K, used 861K [0x00000006c1400000, 0x00000006cbf00000, 0x000000076b180000)
  object space 175104K, 0% used [0x00000006c1400000,0x00000006c14d7400,0x00000006cbf00000)
 Metaspace       used 20309K, capacity 21150K, committed 21248K, reserved 1067008K
  class space    used 2534K, capacity 2731K, committed 2816K, reserved 1048576K
}
Event: 0.900 GC heap before
{Heap before GC invocations=3 (full 1):
 PSYoungGen      total 76288K, used 8569K [0x000000076b180000, 0x0000000774680000, 0x00000007c0000000)
  eden space 65536K, 0% used [0x000000076b180000,0x000000076b180000,0x000000076f180000)
  from space 10752K, 79% used [0x000000076fc00000,0x000000077045e4a8,0x0000000770680000)
  to   space 10752K, 0% used [0x000000076f180000,0x000000076f180000,0x000000076fc00000)
 ParOldGen       total 175104K, used 861K [0x00000006c1400000, 0x00000006cbf00000, 0x000000076b180000)
  object space 175104K, 0% used [0x00000006c1400000,0x00000006c14d7400,0x00000006cbf00000)
 Metaspace       used 20309K, capacity 21150K, committed 21248K, reserved 1067008K
  class space    used 2534K, capacity 2731K, committed 2816K, reserved 1048576K
Event: 0.917 GC heap after
Heap after GC invocations=3 (full 1):
 PSYoungGen      total 76288K, used 0K [0x000000076b180000, 0x0000000774680000, 0x00000007c0000000)
  eden space 65536K, 0% used [0x000000076b180000,0x000000076b180000,0x000000076f180000)
  from space 10752K, 0% used [0x000000076fc00000,0x000000076fc00000,0x0000000770680000)
  to   space 10752K, 0% used [0x000000076f180000,0x000000076f180000,0x000000076fc00000)
 ParOldGen       total 115200K, used 8188K [0x00000006c1400000, 0x00000006c8480000, 0x000000076b180000)
  object space 115200K, 7% used [0x00000006c1400000,0x00000006c1bff268,0x00000006c8480000)
 Metaspace       used 20307K, capacity 21144K, committed 21248K, reserved 1067008K
  class space    used 2534K, capacity 2730K, committed 2816K, reserved 1048576K
}
Event: 1.700 GC heap before
{Heap before GC invocations=4 (full 1):
 PSYoungGen      total 76288K, used 65536K [0x000000076b180000, 0x0000000774680000, 0x00000007c0000000)
  eden space 65536K, 100% used [0x000000076b180000,0x000000076f180000,0x000000076f180000)
  from space 10752K, 0% used [0x000000076fc00000,0x000000076fc00000,0x0000000770680000)
  to   space 10752K, 0% used [0x000000076f180000,0x000000076f180000,0x000000076fc00000)
 ParOldGen       total 115200K, used 8188K [0x00000006c1400000, 0x00000006c8480000, 0x000000076b180000)
  object space 115200K, 7% used [0x00000006c1400000,0x00000006c1bff268,0x00000006c8480000)
 Metaspace       used 28827K, capacity 30496K, committed 30592K, reserved 1075200K
  class space    used 3620K, capacity 3906K, committed 3968K, reserved 1048576K
Event: 1.705 GC heap after
Heap after GC invocations=4 (full 1):
 PSYoungGen      total 76288K, used 10208K [0x000000076b180000, 0x0000000771d00000, 0x00000007c0000000)
  eden space 65536K, 0% used [0x000000076b180000,0x000000076b180000,0x000000076f180000)
  from space 10752K, 94% used [0x000000076f180000,0x000000076fb782d8,0x000000076fc00000)
  to   space 10752K, 0% used [0x0000000771280000,0x0000000771280000,0x0000000771d00000)
 ParOldGen       total 115200K, used 8260K [0x00000006c1400000, 0x00000006c8480000, 0x000000076b180000)
  object space 115200K, 7% used [0x00000006c1400000,0x00000006c1c11278,0x00000006c8480000)
 Metaspace       used 28827K, capacity 30496K, committed 30592K, reserved 1075200K
  class space    used 3620K, capacity 3906K, committed 3968K, reserved 1048576K
}
Event: 1.990 GC heap before
{Heap before GC invocations=5 (full 1):
 PSYoungGen      total 76288K, used 42635K [0x000000076b180000, 0x0000000771d00000, 0x00000007c0000000)
  eden space 65536K, 49% used [0x000000076b180000,0x000000076d12abc8,0x000000076f180000)
  from space 10752K, 94% used [0x000000076f180000,0x000000076fb782d8,0x000000076fc00000)
  to   space 10752K, 0% used [0x0000000771280000,0x0000000771280000,0x0000000771d00000)
 ParOldGen       total 115200K, used 8260K [0x00000006c1400000, 0x00000006c8480000, 0x000000076b180000)
  object space 115200K, 7% used [0x00000006c1400000,0x00000006c1c11278,0x00000006c8480000)
 Metaspace       used 33613K, capacity 35378K, committed 35416K, reserved 1081344K
  class space    used 4143K, capacity 4461K, committed 4480K, reserved 1048576K
Event: 1.995 GC heap after
Heap after GC invocations=5 (full 1):
 PSYoungGen      total 99328K, used 10007K [0x000000076b180000, 0x0000000772000000, 0x00000007c0000000)
  eden space 88576K, 0% used [0x000000076b180000,0x000000076b180000,0x0000000770800000)
  from space 10752K, 93% used [0x0000000771280000,0x0000000771c45d10,0x0000000771d00000)
  to   space 10752K, 0% used [0x0000000770800000,0x0000000770800000,0x0000000771280000)
 ParOldGen       total 115200K, used 8268K [0x00000006c1400000, 0x00000006c8480000, 0x000000076b180000)
  object space 115200K, 7% used [0x00000006c1400000,0x00000006c1c13278,0x00000006c8480000)
 Metaspace       used 33613K, capacity 35378K, committed 35416K, reserved 1081344K
  class space    used 4143K, capacity 4461K, committed 4480K, reserved 1048576K
}
Event: 1.995 GC heap before
{Heap before GC invocations=6 (full 2):
 PSYoungGen      total 99328K, used 10007K [0x000000076b180000, 0x0000000772000000, 0x00000007c0000000)
  eden space 88576K, 0% used [0x000000076b180000,0x000000076b180000,0x0000000770800000)
  from space 10752K, 93% used [0x0000000771280000,0x0000000771c45d10,0x0000000771d00000)
  to   space 10752K, 0% used [0x0000000770800000,0x0000000770800000,0x0000000771280000)
 ParOldGen       total 115200K, used 8268K [0x00000006c1400000, 0x00000006c8480000, 0x000000076b180000)
  object space 115200K, 7% used [0x00000006c1400000,0x00000006c1c13278,0x00000006c8480000)
 Metaspace       used 33613K, capacity 35378K, committed 35416K, reserved 1081344K
  class space    used 4143K, capacity 4461K, committed 4480K, reserved 1048576K
Event: 2.018 GC heap after
Heap after GC invocations=6 (full 2):
 PSYoungGen      total 99328K, used 0K [0x000000076b180000, 0x0000000772000000, 0x00000007c0000000)
  eden space 88576K, 0% used [0x000000076b180000,0x000000076b180000,0x0000000770800000)
  from space 10752K, 0% used [0x0000000771280000,0x0000000771280000,0x0000000771d00000)
  to   space 10752K, 0% used [0x0000000770800000,0x0000000770800000,0x0000000771280000)
 ParOldGen       total 186880K, used 14227K [0x00000006c1400000, 0x00000006cca80000, 0x000000076b180000)
  object space 186880K, 7% used [0x00000006c1400000,0x00000006c21e4fb8,0x00000006cca80000)
 Metaspace       used 33613K, capacity 35378K, committed 35416K, reserved 1081344K
  class space    used 4143K, capacity 4461K, committed 4480K, reserved 1048576K
}

